<?xml version="1.0" encoding="UTF-8"?>
<robot generator="Robot 4.1.3 (Python 3.10.1 on win32)" generated="20211216 20:36:52.529" rpa="false" schemaversion="2">
<suite id="s1" name="ComposerTests" source="D:\TestAutomation\Robot\RealProject\tests\ComposerTests.robot">
<test id="s1-t1" name="TC0001 - Login to ProtonMail">
<kw name="Begin web test" library="Common" type="SETUP">
<kw name="Open Browser" library="SeleniumLibrary">
<arg>about:blank</arg>
<arg>${BROWSER}</arg>
<doc>Opens a new browser instance to the optional ``url``.</doc>
<msg timestamp="20211216 20:36:52.971" level="INFO">Opening browser 'ff' to base url 'about:blank'.</msg>
<msg timestamp="20211216 20:36:52.971" level="INFO">Firefox driver log is always forced to to: D:\TestAutomation\Robot\RealProject\Reports\geckodriver-1.log</msg>
<status status="PASS" starttime="20211216 20:36:52.971" endtime="20211216 20:36:59.931"/>
</kw>
<kw name="Maximize Browser Window" library="SeleniumLibrary">
<doc>Maximizes current browser window.</doc>
<status status="PASS" starttime="20211216 20:36:59.931" endtime="20211216 20:37:00.189"/>
</kw>
<kw name="Set Browser Implicit Wait" library="SeleniumLibrary">
<arg>10s</arg>
<doc>Sets the implicit wait value used by Selenium.</doc>
<status status="PASS" starttime="20211216 20:37:00.189" endtime="20211216 20:37:00.199"/>
</kw>
<status status="PASS" starttime="20211216 20:36:52.971" endtime="20211216 20:37:00.199"/>
</kw>
<kw name="Login to ProtonMail" library="LoginPage">
<kw name="Load" library="LoginPageObjects">
<kw name="Go To" library="SeleniumLibrary">
<arg>${START_URL}</arg>
<doc>Navigates the current browser window to the provided ``url``.</doc>
<msg timestamp="20211216 20:37:00.200" level="INFO">Opening url 'https://mail.protonmail.com'</msg>
<status status="PASS" starttime="20211216 20:37:00.200" endtime="20211216 20:37:01.894"/>
</kw>
<status status="PASS" starttime="20211216 20:37:00.200" endtime="20211216 20:37:01.894"/>
</kw>
<kw name="Verify page loaded" library="LoginPageObjects">
<kw name="Wait Until Page Contains" library="SeleniumLibrary">
<arg>to continue to ProtonMail</arg>
<doc>Waits until ``text`` appears on the current page.</doc>
<status status="PASS" starttime="20211216 20:37:01.894" endtime="20211216 20:37:02.367"/>
</kw>
<status status="PASS" starttime="20211216 20:37:01.894" endtime="20211216 20:37:02.367"/>
</kw>
<kw name="Sign in" library="LoginPageObjects">
<kw name="Input Text" library="SeleniumLibrary">
<arg>${LOGIN_USERNAME}</arg>
<arg>${CREDENTIALS}[0]</arg>
<doc>Types the given ``text`` into the text field identified by ``locator``.</doc>
<msg timestamp="20211216 20:37:02.367" level="INFO">Typing text 'panche_test9@protonmail.com' into text field 'id=username'.</msg>
<kw name="Capture Page Screenshot" library="SeleniumLibrary">
<doc>Takes a screenshot of the current page and embeds it into a log file.</doc>
<msg timestamp="20211216 20:37:02.880" level="INFO" html="true">&lt;/td&gt;&lt;/tr&gt;&lt;tr&gt;&lt;td colspan="3"&gt;&lt;a href="selenium-screenshot-1.png"&gt;&lt;img src="selenium-screenshot-1.png" width="800px"&gt;&lt;/a&gt;</msg>
<status status="PASS" starttime="20211216 20:37:02.464" endtime="20211216 20:37:02.887"/>
</kw>
<msg timestamp="20211216 20:37:02.895" level="FAIL">ElementNotInteractableException: Message: Element &lt;input id="username" class="w100 inputform-field"&gt; could not be scrolled into view
Stacktrace:
WebDriverError@chrome://remote/content/shared/webdriver/Errors.jsm:181:5
ElementNotInteractableError@chrome://remote/content/shared/webdriver/Errors.jsm:291:5
interaction.clearElement@chrome://remote/content/marionette/interaction.js:344:11
clearElement@chrome://remote/content/marionette/actors/MarionetteCommandsChild.jsm:191:17
receiveMessage@chrome://remote/content/marionette/actors/MarionetteCommandsChild.jsm:87:16
</msg>
<status status="FAIL" starttime="20211216 20:37:02.367" endtime="20211216 20:37:02.895"/>
</kw>
<kw name="Input Password" library="SeleniumLibrary">
<arg>${LOGIN_PASSWORD}</arg>
<arg>${CREDENTIALS}[1]</arg>
<doc>Types the given password into the text field identified by ``locator``.</doc>
<status status="NOT RUN" starttime="20211216 20:37:02.897" endtime="20211216 20:37:02.897"/>
</kw>
<kw name="Click Button" library="SeleniumLibrary">
<arg>${LOGIN_BUTTON}</arg>
<doc>Clicks the button identified by ``locator``.</doc>
<status status="NOT RUN" starttime="20211216 20:37:02.897" endtime="20211216 20:37:02.897"/>
</kw>
<kw name="Sleep" library="BuiltIn">
<arg>3s</arg>
<doc>Pauses the test executed for the given time.</doc>
<status status="NOT RUN" starttime="20211216 20:37:02.897" endtime="20211216 20:37:02.897"/>
</kw>
<kw name="Wait Until Page Contains" library="SeleniumLibrary">
<arg>New message</arg>
<doc>Waits until ``text`` appears on the current page.</doc>
<status status="NOT RUN" starttime="20211216 20:37:02.897" endtime="20211216 20:37:02.897"/>
</kw>
<status status="FAIL" starttime="20211216 20:37:02.367" endtime="20211216 20:37:02.897"/>
</kw>
<status status="FAIL" starttime="20211216 20:37:00.200" endtime="20211216 20:37:02.903"/>
</kw>
<kw name="End web test" library="Common" type="TEARDOWN">
<kw name="Close Browser" library="SeleniumLibrary">
<doc>Closes the current browser.</doc>
<status status="PASS" starttime="20211216 20:37:02.903" endtime="20211216 20:37:04.052"/>
</kw>
<status status="PASS" starttime="20211216 20:37:02.903" endtime="20211216 20:37:04.052"/>
</kw>
<doc>User should be able to login</doc>
<tag>Smoke</tag>
<status status="FAIL" starttime="20211216 20:36:52.971" endtime="20211216 20:37:04.052">ElementNotInteractableException: Message: Element &lt;input id="username" class="w100 inputform-field"&gt; could not be scrolled into view
Stacktrace:
WebDriverError@chrome://remote/content/shared/webdriver/Errors.jsm:181:5
ElementNotInteractableError@chrome://remote/content/shared/webdriver/Errors.jsm:291:5
interaction.clearElement@chrome://remote/content/marionette/interaction.js:344:11
clearElement@chrome://remote/content/marionette/actors/MarionetteCommandsChild.jsm:191:17
receiveMessage@chrome://remote/content/marionette/actors/MarionetteCommandsChild.jsm:87:16
</status>
</test>
<test id="s1-t2" name="TC0002 - Login with wrong credentials">
<kw name="Begin web test" library="Common" type="SETUP">
<kw name="Open Browser" library="SeleniumLibrary">
<arg>about:blank</arg>
<arg>${BROWSER}</arg>
<doc>Opens a new browser instance to the optional ``url``.</doc>
<msg timestamp="20211216 20:37:04.052" level="INFO">Opening browser 'ff' to base url 'about:blank'.</msg>
<msg timestamp="20211216 20:37:04.069" level="INFO">Firefox driver log is always forced to to: D:\TestAutomation\Robot\RealProject\Reports\geckodriver-2.log</msg>
<status status="PASS" starttime="20211216 20:37:04.052" endtime="20211216 20:37:11.019"/>
</kw>
<kw name="Maximize Browser Window" library="SeleniumLibrary">
<doc>Maximizes current browser window.</doc>
<status status="PASS" starttime="20211216 20:37:11.019" endtime="20211216 20:37:11.282"/>
</kw>
<kw name="Set Browser Implicit Wait" library="SeleniumLibrary">
<arg>10s</arg>
<doc>Sets the implicit wait value used by Selenium.</doc>
<status status="PASS" starttime="20211216 20:37:11.282" endtime="20211216 20:37:11.282"/>
</kw>
<status status="PASS" starttime="20211216 20:37:04.052" endtime="20211216 20:37:11.282"/>
</kw>
<kw name="Login to ProtonMail with wrong credentials" library="LoginPage">
<kw name="Load" library="LoginPageObjects">
<kw name="Go To" library="SeleniumLibrary">
<arg>${START_URL}</arg>
<doc>Navigates the current browser window to the provided ``url``.</doc>
<msg timestamp="20211216 20:37:11.282" level="INFO">Opening url 'https://mail.protonmail.com'</msg>
<status status="PASS" starttime="20211216 20:37:11.282" endtime="20211216 20:37:13.029"/>
</kw>
<status status="PASS" starttime="20211216 20:37:11.282" endtime="20211216 20:37:13.029"/>
</kw>
<kw name="Verify page loaded" library="LoginPageObjects">
<kw name="Wait Until Page Contains" library="SeleniumLibrary">
<arg>to continue to ProtonMail</arg>
<doc>Waits until ``text`` appears on the current page.</doc>
<status status="PASS" starttime="20211216 20:37:13.029" endtime="20211216 20:37:13.398"/>
</kw>
<status status="PASS" starttime="20211216 20:37:13.029" endtime="20211216 20:37:13.398"/>
</kw>
<kw name="Sign in with wrong email" library="LoginPageObjects">
<kw name="Input Text" library="SeleniumLibrary">
<arg>${LOGIN_USERNAME}</arg>
<arg>${WRONG_CREDENTIALS}[0]</arg>
<doc>Types the given ``text`` into the text field identified by ``locator``.</doc>
<msg timestamp="20211216 20:37:13.398" level="INFO">Typing text 'panche@isaev.com' into text field 'id=username'.</msg>
<kw name="Capture Page Screenshot" library="SeleniumLibrary">
<doc>Takes a screenshot of the current page and embeds it into a log file.</doc>
<msg timestamp="20211216 20:37:13.942" level="INFO" html="true">&lt;/td&gt;&lt;/tr&gt;&lt;tr&gt;&lt;td colspan="3"&gt;&lt;a href="selenium-screenshot-2.png"&gt;&lt;img src="selenium-screenshot-2.png" width="800px"&gt;&lt;/a&gt;</msg>
<status status="PASS" starttime="20211216 20:37:13.510" endtime="20211216 20:37:13.943"/>
</kw>
<msg timestamp="20211216 20:37:13.944" level="FAIL">ElementNotInteractableException: Message: Element &lt;input id="username" class="w100 inputform-field"&gt; could not be scrolled into view
Stacktrace:
WebDriverError@chrome://remote/content/shared/webdriver/Errors.jsm:181:5
ElementNotInteractableError@chrome://remote/content/shared/webdriver/Errors.jsm:291:5
interaction.clearElement@chrome://remote/content/marionette/interaction.js:344:11
clearElement@chrome://remote/content/marionette/actors/MarionetteCommandsChild.jsm:191:17
receiveMessage@chrome://remote/content/marionette/actors/MarionetteCommandsChild.jsm:87:16
</msg>
<status status="FAIL" starttime="20211216 20:37:13.398" endtime="20211216 20:37:13.944"/>
</kw>
<kw name="Input Password" library="SeleniumLibrary">
<arg>${LOGIN_PASSWORD}</arg>
<arg>${WRONG_CREDENTIALS}[0]</arg>
<doc>Types the given password into the text field identified by ``locator``.</doc>
<status status="NOT RUN" starttime="20211216 20:37:13.944" endtime="20211216 20:37:13.944"/>
</kw>
<kw name="Click Button" library="SeleniumLibrary">
<arg>${LOGIN_BUTTON}</arg>
<doc>Clicks the button identified by ``locator``.</doc>
<status status="NOT RUN" starttime="20211216 20:37:13.944" endtime="20211216 20:37:13.944"/>
</kw>
<kw name="Wait Until Page Contains" library="SeleniumLibrary">
<arg>Incorrect login credentials. Please try again</arg>
<doc>Waits until ``text`` appears on the current page.</doc>
<status status="NOT RUN" starttime="20211216 20:37:13.944" endtime="20211216 20:37:13.944"/>
</kw>
<status status="FAIL" starttime="20211216 20:37:13.398" endtime="20211216 20:37:13.944"/>
</kw>
<status status="FAIL" starttime="20211216 20:37:11.282" endtime="20211216 20:37:13.952"/>
</kw>
<kw name="End web test" library="Common" type="TEARDOWN">
<kw name="Close Browser" library="SeleniumLibrary">
<doc>Closes the current browser.</doc>
<status status="PASS" starttime="20211216 20:37:13.952" endtime="20211216 20:37:15.189"/>
</kw>
<status status="PASS" starttime="20211216 20:37:13.952" endtime="20211216 20:37:15.190"/>
</kw>
<doc>Login with wrong credentials should not be possible</doc>
<tag>Smoke</tag>
<status status="FAIL" starttime="20211216 20:37:04.052" endtime="20211216 20:37:15.190">ElementNotInteractableException: Message: Element &lt;input id="username" class="w100 inputform-field"&gt; could not be scrolled into view
Stacktrace:
WebDriverError@chrome://remote/content/shared/webdriver/Errors.jsm:181:5
ElementNotInteractableError@chrome://remote/content/shared/webdriver/Errors.jsm:291:5
interaction.clearElement@chrome://remote/content/marionette/interaction.js:344:11
clearElement@chrome://remote/content/marionette/actors/MarionetteCommandsChild.jsm:191:17
receiveMessage@chrome://remote/content/marionette/actors/MarionetteCommandsChild.jsm:87:16
</status>
</test>
<test id="s1-t3" name="TC0003 - Verify composer is opened">
<kw name="Begin web test" library="Common" type="SETUP">
<kw name="Open Browser" library="SeleniumLibrary">
<arg>about:blank</arg>
<arg>${BROWSER}</arg>
<doc>Opens a new browser instance to the optional ``url``.</doc>
<msg timestamp="20211216 20:37:15.190" level="INFO">Opening browser 'ff' to base url 'about:blank'.</msg>
<msg timestamp="20211216 20:37:15.201" level="INFO">Firefox driver log is always forced to to: D:\TestAutomation\Robot\RealProject\Reports\geckodriver-3.log</msg>
<status status="PASS" starttime="20211216 20:37:15.190" endtime="20211216 20:37:22.125"/>
</kw>
<kw name="Maximize Browser Window" library="SeleniumLibrary">
<doc>Maximizes current browser window.</doc>
<status status="PASS" starttime="20211216 20:37:22.125" endtime="20211216 20:37:22.391"/>
</kw>
<kw name="Set Browser Implicit Wait" library="SeleniumLibrary">
<arg>10s</arg>
<doc>Sets the implicit wait value used by Selenium.</doc>
<status status="PASS" starttime="20211216 20:37:22.391" endtime="20211216 20:37:22.391"/>
</kw>
<status status="PASS" starttime="20211216 20:37:15.190" endtime="20211216 20:37:22.391"/>
</kw>
<kw name="Login to ProtonMail" library="LoginPage">
<kw name="Load" library="LoginPageObjects">
<kw name="Go To" library="SeleniumLibrary">
<arg>${START_URL}</arg>
<doc>Navigates the current browser window to the provided ``url``.</doc>
<msg timestamp="20211216 20:37:22.391" level="INFO">Opening url 'https://mail.protonmail.com'</msg>
<status status="PASS" starttime="20211216 20:37:22.391" endtime="20211216 20:37:24.160"/>
</kw>
<status status="PASS" starttime="20211216 20:37:22.391" endtime="20211216 20:37:24.160"/>
</kw>
<kw name="Verify page loaded" library="LoginPageObjects">
<kw name="Wait Until Page Contains" library="SeleniumLibrary">
<arg>to continue to ProtonMail</arg>
<doc>Waits until ``text`` appears on the current page.</doc>
<status status="PASS" starttime="20211216 20:37:24.160" endtime="20211216 20:37:24.589"/>
</kw>
<status status="PASS" starttime="20211216 20:37:24.160" endtime="20211216 20:37:24.589"/>
</kw>
<kw name="Sign in" library="LoginPageObjects">
<kw name="Input Text" library="SeleniumLibrary">
<arg>${LOGIN_USERNAME}</arg>
<arg>${CREDENTIALS}[0]</arg>
<doc>Types the given ``text`` into the text field identified by ``locator``.</doc>
<msg timestamp="20211216 20:37:24.606" level="INFO">Typing text 'panche_test9@protonmail.com' into text field 'id=username'.</msg>
<kw name="Capture Page Screenshot" library="SeleniumLibrary">
<doc>Takes a screenshot of the current page and embeds it into a log file.</doc>
<msg timestamp="20211216 20:37:25.070" level="INFO" html="true">&lt;/td&gt;&lt;/tr&gt;&lt;tr&gt;&lt;td colspan="3"&gt;&lt;a href="selenium-screenshot-3.png"&gt;&lt;img src="selenium-screenshot-3.png" width="800px"&gt;&lt;/a&gt;</msg>
<status status="PASS" starttime="20211216 20:37:24.691" endtime="20211216 20:37:25.070"/>
</kw>
<msg timestamp="20211216 20:37:25.070" level="FAIL">ElementNotInteractableException: Message: Element &lt;input id="username" class="w100 inputform-field"&gt; could not be scrolled into view
Stacktrace:
WebDriverError@chrome://remote/content/shared/webdriver/Errors.jsm:181:5
ElementNotInteractableError@chrome://remote/content/shared/webdriver/Errors.jsm:291:5
interaction.clearElement@chrome://remote/content/marionette/interaction.js:344:11
clearElement@chrome://remote/content/marionette/actors/MarionetteCommandsChild.jsm:191:17
receiveMessage@chrome://remote/content/marionette/actors/MarionetteCommandsChild.jsm:87:16
</msg>
<status status="FAIL" starttime="20211216 20:37:24.605" endtime="20211216 20:37:25.070"/>
</kw>
<kw name="Input Password" library="SeleniumLibrary">
<arg>${LOGIN_PASSWORD}</arg>
<arg>${CREDENTIALS}[1]</arg>
<doc>Types the given password into the text field identified by ``locator``.</doc>
<status status="NOT RUN" starttime="20211216 20:37:25.070" endtime="20211216 20:37:25.070"/>
</kw>
<kw name="Click Button" library="SeleniumLibrary">
<arg>${LOGIN_BUTTON}</arg>
<doc>Clicks the button identified by ``locator``.</doc>
<status status="NOT RUN" starttime="20211216 20:37:25.070" endtime="20211216 20:37:25.070"/>
</kw>
<kw name="Sleep" library="BuiltIn">
<arg>3s</arg>
<doc>Pauses the test executed for the given time.</doc>
<status status="NOT RUN" starttime="20211216 20:37:25.070" endtime="20211216 20:37:25.070"/>
</kw>
<kw name="Wait Until Page Contains" library="SeleniumLibrary">
<arg>New message</arg>
<doc>Waits until ``text`` appears on the current page.</doc>
<status status="NOT RUN" starttime="20211216 20:37:25.070" endtime="20211216 20:37:25.070"/>
</kw>
<status status="FAIL" starttime="20211216 20:37:24.589" endtime="20211216 20:37:25.070"/>
</kw>
<status status="FAIL" starttime="20211216 20:37:22.391" endtime="20211216 20:37:25.086"/>
</kw>
<kw name="Verify composer is opened" library="Composer">
<status status="NOT RUN" starttime="20211216 20:37:25.086" endtime="20211216 20:37:25.086"/>
</kw>
<kw name="End web test" library="Common" type="TEARDOWN">
<kw name="Close Browser" library="SeleniumLibrary">
<doc>Closes the current browser.</doc>
<status status="PASS" starttime="20211216 20:37:25.086" endtime="20211216 20:37:26.309"/>
</kw>
<status status="PASS" starttime="20211216 20:37:25.086" endtime="20211216 20:37:26.309"/>
</kw>
<doc>Composer should be opened</doc>
<tag>Smoke</tag>
<status status="FAIL" starttime="20211216 20:37:15.190" endtime="20211216 20:37:26.309">ElementNotInteractableException: Message: Element &lt;input id="username" class="w100 inputform-field"&gt; could not be scrolled into view
Stacktrace:
WebDriverError@chrome://remote/content/shared/webdriver/Errors.jsm:181:5
ElementNotInteractableError@chrome://remote/content/shared/webdriver/Errors.jsm:291:5
interaction.clearElement@chrome://remote/content/marionette/interaction.js:344:11
clearElement@chrome://remote/content/marionette/actors/MarionetteCommandsChild.jsm:191:17
receiveMessage@chrome://remote/content/marionette/actors/MarionetteCommandsChild.jsm:87:16
</status>
</test>
<test id="s1-t4" name="TC0004 - Verifty that user can send message">
<kw name="Begin web test" library="Common" type="SETUP">
<kw name="Open Browser" library="SeleniumLibrary">
<arg>about:blank</arg>
<arg>${BROWSER}</arg>
<doc>Opens a new browser instance to the optional ``url``.</doc>
<msg timestamp="20211216 20:37:26.309" level="INFO">Opening browser 'ff' to base url 'about:blank'.</msg>
<msg timestamp="20211216 20:37:26.309" level="INFO">Firefox driver log is always forced to to: D:\TestAutomation\Robot\RealProject\Reports\geckodriver-4.log</msg>
<status status="PASS" starttime="20211216 20:37:26.309" endtime="20211216 20:37:33.225"/>
</kw>
<kw name="Maximize Browser Window" library="SeleniumLibrary">
<doc>Maximizes current browser window.</doc>
<status status="PASS" starttime="20211216 20:37:33.225" endtime="20211216 20:37:33.484"/>
</kw>
<kw name="Set Browser Implicit Wait" library="SeleniumLibrary">
<arg>10s</arg>
<doc>Sets the implicit wait value used by Selenium.</doc>
<status status="PASS" starttime="20211216 20:37:33.484" endtime="20211216 20:37:33.499"/>
</kw>
<status status="PASS" starttime="20211216 20:37:26.309" endtime="20211216 20:37:33.499"/>
</kw>
<kw name="Login to ProtonMail" library="LoginPage">
<kw name="Load" library="LoginPageObjects">
<kw name="Go To" library="SeleniumLibrary">
<arg>${START_URL}</arg>
<doc>Navigates the current browser window to the provided ``url``.</doc>
<msg timestamp="20211216 20:37:33.499" level="INFO">Opening url 'https://mail.protonmail.com'</msg>
<status status="PASS" starttime="20211216 20:37:33.499" endtime="20211216 20:37:35.130"/>
</kw>
<status status="PASS" starttime="20211216 20:37:33.499" endtime="20211216 20:37:35.130"/>
</kw>
<kw name="Verify page loaded" library="LoginPageObjects">
<kw name="Wait Until Page Contains" library="SeleniumLibrary">
<arg>to continue to ProtonMail</arg>
<doc>Waits until ``text`` appears on the current page.</doc>
<status status="PASS" starttime="20211216 20:37:35.130" endtime="20211216 20:37:35.604"/>
</kw>
<status status="PASS" starttime="20211216 20:37:35.130" endtime="20211216 20:37:35.604"/>
</kw>
<kw name="Sign in" library="LoginPageObjects">
<kw name="Input Text" library="SeleniumLibrary">
<arg>${LOGIN_USERNAME}</arg>
<arg>${CREDENTIALS}[0]</arg>
<doc>Types the given ``text`` into the text field identified by ``locator``.</doc>
<msg timestamp="20211216 20:37:35.604" level="INFO">Typing text 'panche_test9@protonmail.com' into text field 'id=username'.</msg>
<kw name="Capture Page Screenshot" library="SeleniumLibrary">
<doc>Takes a screenshot of the current page and embeds it into a log file.</doc>
<msg timestamp="20211216 20:37:36.095" level="INFO" html="true">&lt;/td&gt;&lt;/tr&gt;&lt;tr&gt;&lt;td colspan="3"&gt;&lt;a href="selenium-screenshot-4.png"&gt;&lt;img src="selenium-screenshot-4.png" width="800px"&gt;&lt;/a&gt;</msg>
<status status="PASS" starttime="20211216 20:37:35.686" endtime="20211216 20:37:36.095"/>
</kw>
<msg timestamp="20211216 20:37:36.095" level="FAIL">ElementNotInteractableException: Message: Element &lt;input id="username" class="w100 inputform-field"&gt; could not be scrolled into view
Stacktrace:
WebDriverError@chrome://remote/content/shared/webdriver/Errors.jsm:181:5
ElementNotInteractableError@chrome://remote/content/shared/webdriver/Errors.jsm:291:5
interaction.clearElement@chrome://remote/content/marionette/interaction.js:344:11
clearElement@chrome://remote/content/marionette/actors/MarionetteCommandsChild.jsm:191:17
receiveMessage@chrome://remote/content/marionette/actors/MarionetteCommandsChild.jsm:87:16
</msg>
<status status="FAIL" starttime="20211216 20:37:35.604" endtime="20211216 20:37:36.095"/>
</kw>
<kw name="Input Password" library="SeleniumLibrary">
<arg>${LOGIN_PASSWORD}</arg>
<arg>${CREDENTIALS}[1]</arg>
<doc>Types the given password into the text field identified by ``locator``.</doc>
<status status="NOT RUN" starttime="20211216 20:37:36.095" endtime="20211216 20:37:36.095"/>
</kw>
<kw name="Click Button" library="SeleniumLibrary">
<arg>${LOGIN_BUTTON}</arg>
<doc>Clicks the button identified by ``locator``.</doc>
<status status="NOT RUN" starttime="20211216 20:37:36.095" endtime="20211216 20:37:36.095"/>
</kw>
<kw name="Sleep" library="BuiltIn">
<arg>3s</arg>
<doc>Pauses the test executed for the given time.</doc>
<status status="NOT RUN" starttime="20211216 20:37:36.095" endtime="20211216 20:37:36.095"/>
</kw>
<kw name="Wait Until Page Contains" library="SeleniumLibrary">
<arg>New message</arg>
<doc>Waits until ``text`` appears on the current page.</doc>
<status status="NOT RUN" starttime="20211216 20:37:36.095" endtime="20211216 20:37:36.095"/>
</kw>
<status status="FAIL" starttime="20211216 20:37:35.604" endtime="20211216 20:37:36.095"/>
</kw>
<status status="FAIL" starttime="20211216 20:37:33.499" endtime="20211216 20:37:36.095"/>
</kw>
<kw name="Compose new message" library="Composer">
<status status="NOT RUN" starttime="20211216 20:37:36.095" endtime="20211216 20:37:36.095"/>
</kw>
<kw name="Send Message" library="Composer">
<status status="NOT RUN" starttime="20211216 20:37:36.095" endtime="20211216 20:37:36.095"/>
</kw>
<kw name="End web test" library="Common" type="TEARDOWN">
<kw name="Close Browser" library="SeleniumLibrary">
<doc>Closes the current browser.</doc>
<status status="PASS" starttime="20211216 20:37:36.095" endtime="20211216 20:37:37.303"/>
</kw>
<status status="PASS" starttime="20211216 20:37:36.095" endtime="20211216 20:37:37.303"/>
</kw>
<doc>Message should be sent</doc>
<tag>Smoke</tag>
<status status="FAIL" starttime="20211216 20:37:26.309" endtime="20211216 20:37:37.303">ElementNotInteractableException: Message: Element &lt;input id="username" class="w100 inputform-field"&gt; could not be scrolled into view
Stacktrace:
WebDriverError@chrome://remote/content/shared/webdriver/Errors.jsm:181:5
ElementNotInteractableError@chrome://remote/content/shared/webdriver/Errors.jsm:291:5
interaction.clearElement@chrome://remote/content/marionette/interaction.js:344:11
clearElement@chrome://remote/content/marionette/actors/MarionetteCommandsChild.jsm:191:17
receiveMessage@chrome://remote/content/marionette/actors/MarionetteCommandsChild.jsm:87:16
</status>
</test>
<test id="s1-t5" name="TC0005 - Add CC;BCC and send message">
<kw name="Begin web test" library="Common" type="SETUP">
<kw name="Open Browser" library="SeleniumLibrary">
<arg>about:blank</arg>
<arg>${BROWSER}</arg>
<doc>Opens a new browser instance to the optional ``url``.</doc>
<msg timestamp="20211216 20:37:37.303" level="INFO">Opening browser 'ff' to base url 'about:blank'.</msg>
<msg timestamp="20211216 20:37:37.303" level="INFO">Firefox driver log is always forced to to: D:\TestAutomation\Robot\RealProject\Reports\geckodriver-5.log</msg>
<status status="PASS" starttime="20211216 20:37:37.303" endtime="20211216 20:37:44.195"/>
</kw>
<kw name="Maximize Browser Window" library="SeleniumLibrary">
<doc>Maximizes current browser window.</doc>
<status status="PASS" starttime="20211216 20:37:44.195" endtime="20211216 20:37:44.475"/>
</kw>
<kw name="Set Browser Implicit Wait" library="SeleniumLibrary">
<arg>10s</arg>
<doc>Sets the implicit wait value used by Selenium.</doc>
<status status="PASS" starttime="20211216 20:37:44.475" endtime="20211216 20:37:44.475"/>
</kw>
<status status="PASS" starttime="20211216 20:37:37.303" endtime="20211216 20:37:44.475"/>
</kw>
<kw name="Login to ProtonMail" library="LoginPage">
<kw name="Load" library="LoginPageObjects">
<kw name="Go To" library="SeleniumLibrary">
<arg>${START_URL}</arg>
<doc>Navigates the current browser window to the provided ``url``.</doc>
<msg timestamp="20211216 20:37:44.475" level="INFO">Opening url 'https://mail.protonmail.com'</msg>
<status status="PASS" starttime="20211216 20:37:44.475" endtime="20211216 20:37:46.520"/>
</kw>
<status status="PASS" starttime="20211216 20:37:44.475" endtime="20211216 20:37:46.520"/>
</kw>
<kw name="Verify page loaded" library="LoginPageObjects">
<kw name="Wait Until Page Contains" library="SeleniumLibrary">
<arg>to continue to ProtonMail</arg>
<doc>Waits until ``text`` appears on the current page.</doc>
<status status="PASS" starttime="20211216 20:37:46.520" endtime="20211216 20:37:46.917"/>
</kw>
<status status="PASS" starttime="20211216 20:37:46.520" endtime="20211216 20:37:46.918"/>
</kw>
<kw name="Sign in" library="LoginPageObjects">
<kw name="Input Text" library="SeleniumLibrary">
<arg>${LOGIN_USERNAME}</arg>
<arg>${CREDENTIALS}[0]</arg>
<doc>Types the given ``text`` into the text field identified by ``locator``.</doc>
<msg timestamp="20211216 20:37:46.918" level="INFO">Typing text 'panche_test9@protonmail.com' into text field 'id=username'.</msg>
<kw name="Capture Page Screenshot" library="SeleniumLibrary">
<doc>Takes a screenshot of the current page and embeds it into a log file.</doc>
<msg timestamp="20211216 20:37:47.407" level="INFO" html="true">&lt;/td&gt;&lt;/tr&gt;&lt;tr&gt;&lt;td colspan="3"&gt;&lt;a href="selenium-screenshot-5.png"&gt;&lt;img src="selenium-screenshot-5.png" width="800px"&gt;&lt;/a&gt;</msg>
<status status="PASS" starttime="20211216 20:37:47.029" endtime="20211216 20:37:47.407"/>
</kw>
<msg timestamp="20211216 20:37:47.407" level="FAIL">ElementNotInteractableException: Message: Element &lt;input id="username" class="w100 inputform-field"&gt; could not be scrolled into view
Stacktrace:
WebDriverError@chrome://remote/content/shared/webdriver/Errors.jsm:181:5
ElementNotInteractableError@chrome://remote/content/shared/webdriver/Errors.jsm:291:5
interaction.clearElement@chrome://remote/content/marionette/interaction.js:344:11
clearElement@chrome://remote/content/marionette/actors/MarionetteCommandsChild.jsm:191:17
receiveMessage@chrome://remote/content/marionette/actors/MarionetteCommandsChild.jsm:87:16
</msg>
<status status="FAIL" starttime="20211216 20:37:46.918" endtime="20211216 20:37:47.407"/>
</kw>
<kw name="Input Password" library="SeleniumLibrary">
<arg>${LOGIN_PASSWORD}</arg>
<arg>${CREDENTIALS}[1]</arg>
<doc>Types the given password into the text field identified by ``locator``.</doc>
<status status="NOT RUN" starttime="20211216 20:37:47.407" endtime="20211216 20:37:47.407"/>
</kw>
<kw name="Click Button" library="SeleniumLibrary">
<arg>${LOGIN_BUTTON}</arg>
<doc>Clicks the button identified by ``locator``.</doc>
<status status="NOT RUN" starttime="20211216 20:37:47.407" endtime="20211216 20:37:47.407"/>
</kw>
<kw name="Sleep" library="BuiltIn">
<arg>3s</arg>
<doc>Pauses the test executed for the given time.</doc>
<status status="NOT RUN" starttime="20211216 20:37:47.407" endtime="20211216 20:37:47.407"/>
</kw>
<kw name="Wait Until Page Contains" library="SeleniumLibrary">
<arg>New message</arg>
<doc>Waits until ``text`` appears on the current page.</doc>
<status status="NOT RUN" starttime="20211216 20:37:47.407" endtime="20211216 20:37:47.407"/>
</kw>
<status status="FAIL" starttime="20211216 20:37:46.918" endtime="20211216 20:37:47.407"/>
</kw>
<status status="FAIL" starttime="20211216 20:37:44.475" endtime="20211216 20:37:47.407"/>
</kw>
<kw name="Compose new message" library="Composer">
<status status="NOT RUN" starttime="20211216 20:37:47.407" endtime="20211216 20:37:47.407"/>
</kw>
<kw name="Add CC;BCC" library="Composer">
<status status="NOT RUN" starttime="20211216 20:37:47.407" endtime="20211216 20:37:47.407"/>
</kw>
<kw name="Send Message" library="Composer">
<status status="NOT RUN" starttime="20211216 20:37:47.407" endtime="20211216 20:37:47.407"/>
</kw>
<kw name="End web test" library="Common" type="TEARDOWN">
<kw name="Close Browser" library="SeleniumLibrary">
<doc>Closes the current browser.</doc>
<status status="PASS" starttime="20211216 20:37:47.422" endtime="20211216 20:37:48.491"/>
</kw>
<status status="PASS" starttime="20211216 20:37:47.407" endtime="20211216 20:37:48.491"/>
</kw>
<doc>Message should be sent with CC and BCC</doc>
<tag>Smoke</tag>
<status status="FAIL" starttime="20211216 20:37:37.303" endtime="20211216 20:37:48.491">ElementNotInteractableException: Message: Element &lt;input id="username" class="w100 inputform-field"&gt; could not be scrolled into view
Stacktrace:
WebDriverError@chrome://remote/content/shared/webdriver/Errors.jsm:181:5
ElementNotInteractableError@chrome://remote/content/shared/webdriver/Errors.jsm:291:5
interaction.clearElement@chrome://remote/content/marionette/interaction.js:344:11
clearElement@chrome://remote/content/marionette/actors/MarionetteCommandsChild.jsm:191:17
receiveMessage@chrome://remote/content/marionette/actors/MarionetteCommandsChild.jsm:87:16
</status>
</test>
<test id="s1-t6" name="TC0006 - Attach Public key from composer">
<kw name="Begin web test" library="Common" type="SETUP">
<kw name="Open Browser" library="SeleniumLibrary">
<arg>about:blank</arg>
<arg>${BROWSER}</arg>
<doc>Opens a new browser instance to the optional ``url``.</doc>
<msg timestamp="20211216 20:37:48.507" level="INFO">Opening browser 'ff' to base url 'about:blank'.</msg>
<msg timestamp="20211216 20:37:48.509" level="INFO">Firefox driver log is always forced to to: D:\TestAutomation\Robot\RealProject\Reports\geckodriver-6.log</msg>
<status status="PASS" starttime="20211216 20:37:48.507" endtime="20211216 20:37:55.413"/>
</kw>
<kw name="Maximize Browser Window" library="SeleniumLibrary">
<doc>Maximizes current browser window.</doc>
<status status="PASS" starttime="20211216 20:37:55.429" endtime="20211216 20:37:55.698"/>
</kw>
<kw name="Set Browser Implicit Wait" library="SeleniumLibrary">
<arg>10s</arg>
<doc>Sets the implicit wait value used by Selenium.</doc>
<status status="PASS" starttime="20211216 20:37:55.698" endtime="20211216 20:37:55.698"/>
</kw>
<status status="PASS" starttime="20211216 20:37:48.491" endtime="20211216 20:37:55.698"/>
</kw>
<kw name="Login to ProtonMail" library="LoginPage">
<kw name="Load" library="LoginPageObjects">
<kw name="Go To" library="SeleniumLibrary">
<arg>${START_URL}</arg>
<doc>Navigates the current browser window to the provided ``url``.</doc>
<msg timestamp="20211216 20:37:55.709" level="INFO">Opening url 'https://mail.protonmail.com'</msg>
<status status="PASS" starttime="20211216 20:37:55.709" endtime="20211216 20:37:57.384"/>
</kw>
<status status="PASS" starttime="20211216 20:37:55.709" endtime="20211216 20:37:57.384"/>
</kw>
<kw name="Verify page loaded" library="LoginPageObjects">
<kw name="Wait Until Page Contains" library="SeleniumLibrary">
<arg>to continue to ProtonMail</arg>
<doc>Waits until ``text`` appears on the current page.</doc>
<status status="PASS" starttime="20211216 20:37:57.384" endtime="20211216 20:37:57.796"/>
</kw>
<status status="PASS" starttime="20211216 20:37:57.384" endtime="20211216 20:37:57.796"/>
</kw>
<kw name="Sign in" library="LoginPageObjects">
<kw name="Input Text" library="SeleniumLibrary">
<arg>${LOGIN_USERNAME}</arg>
<arg>${CREDENTIALS}[0]</arg>
<doc>Types the given ``text`` into the text field identified by ``locator``.</doc>
<msg timestamp="20211216 20:37:57.805" level="INFO">Typing text 'panche_test9@protonmail.com' into text field 'id=username'.</msg>
<kw name="Capture Page Screenshot" library="SeleniumLibrary">
<doc>Takes a screenshot of the current page and embeds it into a log file.</doc>
<msg timestamp="20211216 20:37:58.291" level="INFO" html="true">&lt;/td&gt;&lt;/tr&gt;&lt;tr&gt;&lt;td colspan="3"&gt;&lt;a href="selenium-screenshot-6.png"&gt;&lt;img src="selenium-screenshot-6.png" width="800px"&gt;&lt;/a&gt;</msg>
<status status="PASS" starttime="20211216 20:37:57.880" endtime="20211216 20:37:58.291"/>
</kw>
<msg timestamp="20211216 20:37:58.292" level="FAIL">ElementNotInteractableException: Message: Element &lt;input id="username" class="w100 inputform-field"&gt; could not be scrolled into view
Stacktrace:
WebDriverError@chrome://remote/content/shared/webdriver/Errors.jsm:181:5
ElementNotInteractableError@chrome://remote/content/shared/webdriver/Errors.jsm:291:5
interaction.clearElement@chrome://remote/content/marionette/interaction.js:344:11
clearElement@chrome://remote/content/marionette/actors/MarionetteCommandsChild.jsm:191:17
receiveMessage@chrome://remote/content/marionette/actors/MarionetteCommandsChild.jsm:87:16
</msg>
<status status="FAIL" starttime="20211216 20:37:57.796" endtime="20211216 20:37:58.292"/>
</kw>
<kw name="Input Password" library="SeleniumLibrary">
<arg>${LOGIN_PASSWORD}</arg>
<arg>${CREDENTIALS}[1]</arg>
<doc>Types the given password into the text field identified by ``locator``.</doc>
<status status="NOT RUN" starttime="20211216 20:37:58.296" endtime="20211216 20:37:58.296"/>
</kw>
<kw name="Click Button" library="SeleniumLibrary">
<arg>${LOGIN_BUTTON}</arg>
<doc>Clicks the button identified by ``locator``.</doc>
<status status="NOT RUN" starttime="20211216 20:37:58.296" endtime="20211216 20:37:58.296"/>
</kw>
<kw name="Sleep" library="BuiltIn">
<arg>3s</arg>
<doc>Pauses the test executed for the given time.</doc>
<status status="NOT RUN" starttime="20211216 20:37:58.296" endtime="20211216 20:37:58.296"/>
</kw>
<kw name="Wait Until Page Contains" library="SeleniumLibrary">
<arg>New message</arg>
<doc>Waits until ``text`` appears on the current page.</doc>
<status status="NOT RUN" starttime="20211216 20:37:58.296" endtime="20211216 20:37:58.296"/>
</kw>
<status status="FAIL" starttime="20211216 20:37:57.796" endtime="20211216 20:37:58.296"/>
</kw>
<status status="FAIL" starttime="20211216 20:37:55.709" endtime="20211216 20:37:58.296"/>
</kw>
<kw name="Compose new message" library="Composer">
<status status="NOT RUN" starttime="20211216 20:37:58.296" endtime="20211216 20:37:58.296"/>
</kw>
<kw name="Attach Public key" library="Composer">
<status status="NOT RUN" starttime="20211216 20:37:58.296" endtime="20211216 20:37:58.296"/>
</kw>
<kw name="Send Message" library="Composer">
<status status="NOT RUN" starttime="20211216 20:37:58.296" endtime="20211216 20:37:58.296"/>
</kw>
<kw name="End web test" library="Common" type="TEARDOWN">
<kw name="Close Browser" library="SeleniumLibrary">
<doc>Closes the current browser.</doc>
<status status="PASS" starttime="20211216 20:37:58.296" endtime="20211216 20:37:59.397"/>
</kw>
<status status="PASS" starttime="20211216 20:37:58.296" endtime="20211216 20:37:59.397"/>
</kw>
<doc>Public key should be attached from composer</doc>
<tag>Smoke</tag>
<status status="FAIL" starttime="20211216 20:37:48.491" endtime="20211216 20:37:59.397">ElementNotInteractableException: Message: Element &lt;input id="username" class="w100 inputform-field"&gt; could not be scrolled into view
Stacktrace:
WebDriverError@chrome://remote/content/shared/webdriver/Errors.jsm:181:5
ElementNotInteractableError@chrome://remote/content/shared/webdriver/Errors.jsm:291:5
interaction.clearElement@chrome://remote/content/marionette/interaction.js:344:11
clearElement@chrome://remote/content/marionette/actors/MarionetteCommandsChild.jsm:191:17
receiveMessage@chrome://remote/content/marionette/actors/MarionetteCommandsChild.jsm:87:16
</status>
</test>
<test id="s1-t7" name="TC0007 - Keyboard shortcut - Go to Spam">
<kw name="Begin web test" library="Common" type="SETUP">
<kw name="Open Browser" library="SeleniumLibrary">
<arg>about:blank</arg>
<arg>${BROWSER}</arg>
<doc>Opens a new browser instance to the optional ``url``.</doc>
<msg timestamp="20211216 20:37:59.397" level="INFO">Opening browser 'ff' to base url 'about:blank'.</msg>
<msg timestamp="20211216 20:37:59.397" level="INFO">Firefox driver log is always forced to to: D:\TestAutomation\Robot\RealProject\Reports\geckodriver-7.log</msg>
<status status="PASS" starttime="20211216 20:37:59.397" endtime="20211216 20:38:06.281"/>
</kw>
<kw name="Maximize Browser Window" library="SeleniumLibrary">
<doc>Maximizes current browser window.</doc>
<status status="PASS" starttime="20211216 20:38:06.281" endtime="20211216 20:38:06.551"/>
</kw>
<kw name="Set Browser Implicit Wait" library="SeleniumLibrary">
<arg>10s</arg>
<doc>Sets the implicit wait value used by Selenium.</doc>
<status status="PASS" starttime="20211216 20:38:06.553" endtime="20211216 20:38:06.555"/>
</kw>
<status status="PASS" starttime="20211216 20:37:59.397" endtime="20211216 20:38:06.555"/>
</kw>
<kw name="Login to ProtonMail" library="LoginPage">
<kw name="Load" library="LoginPageObjects">
<kw name="Go To" library="SeleniumLibrary">
<arg>${START_URL}</arg>
<doc>Navigates the current browser window to the provided ``url``.</doc>
<msg timestamp="20211216 20:38:06.555" level="INFO">Opening url 'https://mail.protonmail.com'</msg>
<status status="PASS" starttime="20211216 20:38:06.555" endtime="20211216 20:38:08.242"/>
</kw>
<status status="PASS" starttime="20211216 20:38:06.555" endtime="20211216 20:38:08.242"/>
</kw>
<kw name="Verify page loaded" library="LoginPageObjects">
<kw name="Wait Until Page Contains" library="SeleniumLibrary">
<arg>to continue to ProtonMail</arg>
<doc>Waits until ``text`` appears on the current page.</doc>
<status status="PASS" starttime="20211216 20:38:08.242" endtime="20211216 20:38:08.672"/>
</kw>
<status status="PASS" starttime="20211216 20:38:08.242" endtime="20211216 20:38:08.672"/>
</kw>
<kw name="Sign in" library="LoginPageObjects">
<kw name="Input Text" library="SeleniumLibrary">
<arg>${LOGIN_USERNAME}</arg>
<arg>${CREDENTIALS}[0]</arg>
<doc>Types the given ``text`` into the text field identified by ``locator``.</doc>
<msg timestamp="20211216 20:38:08.687" level="INFO">Typing text 'panche_test9@protonmail.com' into text field 'id=username'.</msg>
<kw name="Capture Page Screenshot" library="SeleniumLibrary">
<doc>Takes a screenshot of the current page and embeds it into a log file.</doc>
<msg timestamp="20211216 20:38:09.146" level="INFO" html="true">&lt;/td&gt;&lt;/tr&gt;&lt;tr&gt;&lt;td colspan="3"&gt;&lt;a href="selenium-screenshot-7.png"&gt;&lt;img src="selenium-screenshot-7.png" width="800px"&gt;&lt;/a&gt;</msg>
<status status="PASS" starttime="20211216 20:38:08.782" endtime="20211216 20:38:09.146"/>
</kw>
<msg timestamp="20211216 20:38:09.146" level="FAIL">ElementNotInteractableException: Message: Element &lt;input id="username" class="w100 inputform-field"&gt; could not be scrolled into view
Stacktrace:
WebDriverError@chrome://remote/content/shared/webdriver/Errors.jsm:181:5
ElementNotInteractableError@chrome://remote/content/shared/webdriver/Errors.jsm:291:5
interaction.clearElement@chrome://remote/content/marionette/interaction.js:344:11
clearElement@chrome://remote/content/marionette/actors/MarionetteCommandsChild.jsm:191:17
receiveMessage@chrome://remote/content/marionette/actors/MarionetteCommandsChild.jsm:87:16
</msg>
<status status="FAIL" starttime="20211216 20:38:08.672" endtime="20211216 20:38:09.146"/>
</kw>
<kw name="Input Password" library="SeleniumLibrary">
<arg>${LOGIN_PASSWORD}</arg>
<arg>${CREDENTIALS}[1]</arg>
<doc>Types the given password into the text field identified by ``locator``.</doc>
<status status="NOT RUN" starttime="20211216 20:38:09.146" endtime="20211216 20:38:09.146"/>
</kw>
<kw name="Click Button" library="SeleniumLibrary">
<arg>${LOGIN_BUTTON}</arg>
<doc>Clicks the button identified by ``locator``.</doc>
<status status="NOT RUN" starttime="20211216 20:38:09.146" endtime="20211216 20:38:09.146"/>
</kw>
<kw name="Sleep" library="BuiltIn">
<arg>3s</arg>
<doc>Pauses the test executed for the given time.</doc>
<status status="NOT RUN" starttime="20211216 20:38:09.146" endtime="20211216 20:38:09.146"/>
</kw>
<kw name="Wait Until Page Contains" library="SeleniumLibrary">
<arg>New message</arg>
<doc>Waits until ``text`` appears on the current page.</doc>
<status status="NOT RUN" starttime="20211216 20:38:09.146" endtime="20211216 20:38:09.146"/>
</kw>
<status status="FAIL" starttime="20211216 20:38:08.672" endtime="20211216 20:38:09.146"/>
</kw>
<status status="FAIL" starttime="20211216 20:38:06.555" endtime="20211216 20:38:09.146"/>
</kw>
<kw name="Press Keys" library="SeleniumLibrary">
<arg>none</arg>
<arg>gs</arg>
<doc>Simulates the user pressing key(s) to an element or on the active browser.</doc>
<status status="NOT RUN" starttime="20211216 20:38:09.146" endtime="20211216 20:38:09.146"/>
</kw>
<kw name="Page Should Contain" library="SeleniumLibrary">
<arg>Spam</arg>
<doc>Verifies that current page contains ``text``.</doc>
<status status="NOT RUN" starttime="20211216 20:38:09.146" endtime="20211216 20:38:09.146"/>
</kw>
<kw name="End web test" library="Common" type="TEARDOWN">
<kw name="Close Browser" library="SeleniumLibrary">
<doc>Closes the current browser.</doc>
<status status="PASS" starttime="20211216 20:38:09.146" endtime="20211216 20:38:10.368"/>
</kw>
<status status="PASS" starttime="20211216 20:38:09.146" endtime="20211216 20:38:10.368"/>
</kw>
<doc>User should be able to navigate to Spam folder</doc>
<tag>Smoke</tag>
<status status="FAIL" starttime="20211216 20:37:59.397" endtime="20211216 20:38:10.368">ElementNotInteractableException: Message: Element &lt;input id="username" class="w100 inputform-field"&gt; could not be scrolled into view
Stacktrace:
WebDriverError@chrome://remote/content/shared/webdriver/Errors.jsm:181:5
ElementNotInteractableError@chrome://remote/content/shared/webdriver/Errors.jsm:291:5
interaction.clearElement@chrome://remote/content/marionette/interaction.js:344:11
clearElement@chrome://remote/content/marionette/actors/MarionetteCommandsChild.jsm:191:17
receiveMessage@chrome://remote/content/marionette/actors/MarionetteCommandsChild.jsm:87:16
</status>
</test>
<doc>Composer Test cases for ProtonMail</doc>
<status status="FAIL" starttime="20211216 20:36:52.531" endtime="20211216 20:38:10.368"/>
</suite>
<statistics>
<total>
<stat pass="0" fail="7" skip="0">All Tests</stat>
</total>
<tag>
<stat pass="0" fail="7" skip="0">Smoke</stat>
</tag>
<suite>
<stat pass="0" fail="7" skip="0" id="s1" name="ComposerTests">ComposerTests</stat>
</suite>
</statistics>
<errors>
<msg timestamp="20211216 20:36:52.504" level="ERROR">Error in file 'D:\TestAutomation\Robot\RealProject\tests\ComposerTests.robot' on line 8: Setting 'Documentation' is allowed only once. Only the first value is used.</msg>
<msg timestamp="20211216 20:36:52.504" level="ERROR">Error in file 'D:\TestAutomation\Robot\RealProject\tests\ComposerTests.robot' on line 12: Setting 'Test Setup' is allowed only once. Only the first value is used.</msg>
<msg timestamp="20211216 20:36:52.504" level="ERROR">Error in file 'D:\TestAutomation\Robot\RealProject\tests\ComposerTests.robot' on line 13: Setting 'Test Teardown' is allowed only once. Only the first value is used.</msg>
</errors>
</robot>
